process=3717, parent=2034
Dr. Memory version 2.6.0 build 0 built on Sep 21 2023 17:36:53
start time: 3721029:02:35.594 == 21:02:35.594 06/29/2025
Recorded 17 suppression(s) from default /home/s/DrMemory-Linux-2.6.0/bin64/suppress-default.txt
new thread #0 id=3717

module load event: "libdrmemorylib.so" 0x00007fd2b3e43000-0x00007fd2b3fb2000 modid: 1 /home/s/DrMemory-Linux-2.6.0/bin64/release/libdrmemorylib.so

module load event: "main" 0x00007fd2c3e41000-0x00007fd2c3e48000 modid: 2 /home/s/DrMemory-Linux-2.6.0/main

module load event: "ld-linux-x86-64.so.2" 0x00007fd2c7e0c000-0x00007fd2c7e48000 modid: 3 /usr/lib/x86_64-linux-gnu/ld-linux-x86-64.so.2
WARNING: unable to load symbols for /usr/lib/x86_64-linux-gnu/ld-linux-x86-64.so.2

module load event: "libdynamorio.so" 0x00007fd2c7e5c000-0x00007fd2c807e000 modid: 4 /home/s/DrMemory-Linux-2.6.0/dynamorio/lib64/release/libdynamorio.so
WARNING: unable to open [vdso]

module load event: "linux-vdso.so.1" 0x00007ffc5adac000-0x00007ffc5adae000 modid: 5 [vdso]

module load event: "libc.so.6" 0x00007fd2c7552000-0x00007fd2c777b000 modid: 6 /usr/lib/x86_64-linux-gnu/libc.so.6
WARNING: unable to load symbols for /usr/lib/x86_64-linux-gnu/libc.so.6

module load event: "libm.so.6" 0x00007fd2c7c80000-0x00007fd2c7d67000 modid: 7 /usr/lib/x86_64-linux-gnu/libm.so.6
WARNING: unable to load symbols for /usr/lib/x86_64-linux-gnu/libm.so.6

module load event: "libgcc_s.so.1" 0x00007fd2c7d67000-0x00007fd2c7d87000 modid: 8 /usr/lib/x86_64-linux-gnu/libgcc_s.so.1
WARNING: unable to load symbols for /usr/lib/x86_64-linux-gnu/libgcc_s.so.1

module load event: "libstdc++.so.6" 0x00007fd2c777b000-0x00007fd2c79a7000 modid: 9 /usr/lib/x86_64-linux-gnu/libstdc++.so.6.0.30
WARNING: unable to load symbols for /usr/lib/x86_64-linux-gnu/libstdc++.so.6.0.30
WARNING: assuming operator new[] is non-placement in libstdc++.so.6 @0x00007fd2c7829a90
WARNING: assuming operator new is non-placement in libstdc++.so.6 @0x00007fd2c7829a70
WARNING: assuming operator new is non-placement in libstdc++.so.6 @0x00007fd2c7829a00
WARNING: assuming operator new[] is non-placement in libstdc++.so.6 @0x00007fd2c7829aa0
WARNING: assuming operator delete is non-placement in libstdc++.so.6 @0x00007fd2c7829ad0
WARNING: assuming operator delete is non-placement in libstdc++.so.6 @0x00007fd2c7827c20
WARNING: assuming operator delete[] is non-placement in libstdc++.so.6 @0x00007fd2c7829b00
WARNING: assuming operator delete is non-placement in libstdc++.so.6 @0x00007fd2c7829ae0
WARNING: assuming operator delete is non-placement in libstdc++.so.6 @0x00007fd2c7829ac0
WARNING: assuming operator delete[] is non-placement in libstdc++.so.6 @0x00007fd2c7829af0
WARNING: assuming operator delete[] is non-placement in libstdc++.so.6 @0x00007fd2c7827c50
WARNING: assuming operator delete[] is non-placement in libstdc++.so.6 @0x00007fd2c7829b10

Error #1: LEAK 400 bytes 
# 0 replace_operator_new_array [/home/runner/work/drmemory/drmemory/common/alloc_replace.c:2932] (0x00007fd2b3e90d50 <libdrmemorylib.so+0x4dd50>) modid:1
# 1 memoryLeakFunction (0x00007fd2c3e4239f <main+0x139f>) modid:2
# 2 main (0x00007fd2c3e42823 <main+0x1823>) modid:2
	error end

DUPLICATE ERROR COUNTS:

SUPPRESSIONS USED:

ERRORS FOUND:
      0 unique,     0 total unaddressable access(es)
      0 unique,     0 total uninitialized access(es)
      0 unique,     0 total invalid heap argument(s)
      0 unique,     0 total warning(s)
      1 unique,     1 total,    400 byte(s) of leak(s)
      0 unique,     0 total,      0 byte(s) of possible leak(s)
Details: /home/s/DrMemory-Linux-2.6.0/drmemory/logs/DrMemory-main.3717.000/results.txt

DUPLICATE POTENTIAL ERROR COUNTS:

POTENTIAL ERRORS FOUND:
      0 unique,     0 total potential unaddressable access(es)
      0 unique,     0 total potential uninitialized access(es)
      0 unique,     0 total potential invalid heap argument(s)
      0 unique,     0 total potential warning(s)
      0 unique,     0 total,      0 byte(s) of potential leak(s)
      0 unique,     0 total,      0 byte(s) of potential possible leak(s)
Details: /home/s/DrMemory-Linux-2.6.0/drmemory/logs/DrMemory-main.3717.000/potential_errors.txt
Exiting @0:00:00.877 in thread 3717
LOG END
