process=3783, parent=3782
Dr. Memory version 2.6.0 build 0 built on Sep 21 2023 17:36:53
start time: 3721029:08:24.210 == 21:08:24.210 06/29/2025
Recorded 17 suppression(s) from default /home/s/DrMemory-Linux-2.6.0/bin64/suppress-default.txt
new thread #0 id=3783

module load event: "libdrmemorylib.so" 0x00007fa7cb68b000-0x00007fa7cb7fa000 modid: 1 /home/s/DrMemory-Linux-2.6.0/bin64/release/libdrmemorylib.so

module load event: "main" 0x00007fa7db689000-0x00007fa7db690000 modid: 2 /home/s/DrMemory-Linux-2.6.0/main

module load event: "ld-linux-x86-64.so.2" 0x00007fa7df654000-0x00007fa7df690000 modid: 3 /usr/lib/x86_64-linux-gnu/ld-linux-x86-64.so.2
WARNING: unable to load symbols for /usr/lib/x86_64-linux-gnu/ld-linux-x86-64.so.2

module load event: "libdynamorio.so" 0x00007fa7df6a4000-0x00007fa7df8c6000 modid: 4 /home/s/DrMemory-Linux-2.6.0/dynamorio/lib64/release/libdynamorio.so
WARNING: unable to open [vdso]

module load event: "linux-vdso.so.1" 0x00007ffcd19f5000-0x00007ffcd19f7000 modid: 5 [vdso]

module load event: "libc.so.6" 0x00007fa7ded9a000-0x00007fa7defc3000 modid: 6 /usr/lib/x86_64-linux-gnu/libc.so.6
WARNING: unable to load symbols for /usr/lib/x86_64-linux-gnu/libc.so.6

module load event: "libm.so.6" 0x00007fa7df4c8000-0x00007fa7df5af000 modid: 7 /usr/lib/x86_64-linux-gnu/libm.so.6
WARNING: unable to load symbols for /usr/lib/x86_64-linux-gnu/libm.so.6

module load event: "libgcc_s.so.1" 0x00007fa7df5af000-0x00007fa7df5cf000 modid: 8 /usr/lib/x86_64-linux-gnu/libgcc_s.so.1
WARNING: unable to load symbols for /usr/lib/x86_64-linux-gnu/libgcc_s.so.1

module load event: "libstdc++.so.6" 0x00007fa7defc3000-0x00007fa7df1ef000 modid: 9 /usr/lib/x86_64-linux-gnu/libstdc++.so.6.0.30
WARNING: unable to load symbols for /usr/lib/x86_64-linux-gnu/libstdc++.so.6.0.30
WARNING: assuming operator new[] is non-placement in libstdc++.so.6 @0x00007fa7df071a90
WARNING: assuming operator new is non-placement in libstdc++.so.6 @0x00007fa7df071a70
WARNING: assuming operator new is non-placement in libstdc++.so.6 @0x00007fa7df071a00
WARNING: assuming operator new[] is non-placement in libstdc++.so.6 @0x00007fa7df071aa0
WARNING: assuming operator delete is non-placement in libstdc++.so.6 @0x00007fa7df071ad0
WARNING: assuming operator delete is non-placement in libstdc++.so.6 @0x00007fa7df06fc20
WARNING: assuming operator delete[] is non-placement in libstdc++.so.6 @0x00007fa7df071b00
WARNING: assuming operator delete is non-placement in libstdc++.so.6 @0x00007fa7df071ae0
WARNING: assuming operator delete is non-placement in libstdc++.so.6 @0x00007fa7df071ac0
WARNING: assuming operator delete[] is non-placement in libstdc++.so.6 @0x00007fa7df071af0
WARNING: assuming operator delete[] is non-placement in libstdc++.so.6 @0x00007fa7df06fc50
WARNING: assuming operator delete[] is non-placement in libstdc++.so.6 @0x00007fa7df071b10

Error #1: LEAK 400 bytes 
# 0 replace_operator_new_array [/home/runner/work/drmemory/drmemory/common/alloc_replace.c:2932] (0x00007fa7cb6d8d50 <libdrmemorylib.so+0x4dd50>) modid:1
# 1 memoryLeakFunction (0x00007fa7db68a39f <main+0x139f>) modid:2
# 2 main (0x00007fa7db68a823 <main+0x1823>) modid:2
	error end

DUPLICATE ERROR COUNTS:

SUPPRESSIONS USED:

ERRORS FOUND:
      0 unique,     0 total unaddressable access(es)
      0 unique,     0 total uninitialized access(es)
      0 unique,     0 total invalid heap argument(s)
      0 unique,     0 total warning(s)
      1 unique,     1 total,    400 byte(s) of leak(s)
      0 unique,     0 total,      0 byte(s) of possible leak(s)
Details: /home/s/DrMemory-Linux-2.6.0/drmemory/logs/DrMemory-main.3783.000/results.txt

DUPLICATE POTENTIAL ERROR COUNTS:

POTENTIAL ERRORS FOUND:
      0 unique,     0 total potential unaddressable access(es)
      0 unique,     0 total potential uninitialized access(es)
      0 unique,     0 total potential invalid heap argument(s)
      0 unique,     0 total potential warning(s)
      0 unique,     0 total,      0 byte(s) of potential leak(s)
      0 unique,     0 total,      0 byte(s) of potential possible leak(s)
Details: /home/s/DrMemory-Linux-2.6.0/drmemory/logs/DrMemory-main.3783.000/potential_errors.txt
Exiting @0:00:00.897 in thread 3783
LOG END
