process=3840, parent=2034
Dr. Memory version 2.6.0 build 0 built on Sep 21 2023 17:36:53
start time: 3721029:15:46.462 == 21:15:46.462 06/29/2025
Recorded 17 suppression(s) from default /home/s/DrMemory-Linux-2.6.0/bin64/suppress-default.txt
new thread #0 id=3840

module load event: "libdrmemorylib.so" 0x00007f49160be000-0x00007f491622d000 modid: 1 /home/s/DrMemory-Linux-2.6.0/bin64/release/libdrmemorylib.so

module load event: "main" 0x00007f49260bc000-0x00007f49260c3000 modid: 2 /home/s/DrMemory-Linux-2.6.0/main

module load event: "ld-linux-x86-64.so.2" 0x00007f492a087000-0x00007f492a0c3000 modid: 3 /usr/lib/x86_64-linux-gnu/ld-linux-x86-64.so.2
WARNING: unable to load symbols for /usr/lib/x86_64-linux-gnu/ld-linux-x86-64.so.2

module load event: "libdynamorio.so" 0x00007f492a0d7000-0x00007f492a2f9000 modid: 4 /home/s/DrMemory-Linux-2.6.0/dynamorio/lib64/release/libdynamorio.so
WARNING: unable to open [vdso]

module load event: "linux-vdso.so.1" 0x00007fffa7bed000-0x00007fffa7bef000 modid: 5 [vdso]

module load event: "libc.so.6" 0x00007f49297cd000-0x00007f49299f6000 modid: 6 /usr/lib/x86_64-linux-gnu/libc.so.6
WARNING: unable to load symbols for /usr/lib/x86_64-linux-gnu/libc.so.6

module load event: "libm.so.6" 0x00007f4929efb000-0x00007f4929fe2000 modid: 7 /usr/lib/x86_64-linux-gnu/libm.so.6
WARNING: unable to load symbols for /usr/lib/x86_64-linux-gnu/libm.so.6

module load event: "libgcc_s.so.1" 0x00007f4929fe2000-0x00007f492a002000 modid: 8 /usr/lib/x86_64-linux-gnu/libgcc_s.so.1
WARNING: unable to load symbols for /usr/lib/x86_64-linux-gnu/libgcc_s.so.1

module load event: "libstdc++.so.6" 0x00007f49299f6000-0x00007f4929c22000 modid: 9 /usr/lib/x86_64-linux-gnu/libstdc++.so.6.0.30
WARNING: unable to load symbols for /usr/lib/x86_64-linux-gnu/libstdc++.so.6.0.30
WARNING: assuming operator new[] is non-placement in libstdc++.so.6 @0x00007f4929aa4a90
WARNING: assuming operator new is non-placement in libstdc++.so.6 @0x00007f4929aa4a70
WARNING: assuming operator new is non-placement in libstdc++.so.6 @0x00007f4929aa4a00
WARNING: assuming operator new[] is non-placement in libstdc++.so.6 @0x00007f4929aa4aa0
WARNING: assuming operator delete is non-placement in libstdc++.so.6 @0x00007f4929aa4ad0
WARNING: assuming operator delete is non-placement in libstdc++.so.6 @0x00007f4929aa2c20
WARNING: assuming operator delete[] is non-placement in libstdc++.so.6 @0x00007f4929aa4b00
WARNING: assuming operator delete is non-placement in libstdc++.so.6 @0x00007f4929aa4ae0
WARNING: assuming operator delete is non-placement in libstdc++.so.6 @0x00007f4929aa4ac0
WARNING: assuming operator delete[] is non-placement in libstdc++.so.6 @0x00007f4929aa4af0
WARNING: assuming operator delete[] is non-placement in libstdc++.so.6 @0x00007f4929aa2c50
WARNING: assuming operator delete[] is non-placement in libstdc++.so.6 @0x00007f4929aa4b10

Error #1: LEAK 400 direct bytes 0x00007f49260d61e0-0x00007f49260d6370 + 0 indirect bytes
# 0 replace_operator_new_array [/home/runner/work/drmemory/drmemory/common/alloc_replace.c:2932] (0x00007f491610bd50 <libdrmemorylib.so+0x4dd50>) modid:1
# 1 memoryLeakFunction (0x00007f49260bd39f <main+0x139f>) modid:2
# 2 main (0x00007f49260bd823 <main+0x1823>) modid:2
	error end

DUPLICATE ERROR COUNTS:

SUPPRESSIONS USED:

ERRORS FOUND:
      0 unique,     0 total unaddressable access(es)
      0 unique,     0 total uninitialized access(es)
      0 unique,     0 total invalid heap argument(s)
      0 unique,     0 total warning(s)
      1 unique,     1 total,    400 byte(s) of leak(s)
      0 unique,     0 total,      0 byte(s) of possible leak(s)
ERRORS IGNORED:
      0 ignored assumed-innocuous system leak(s)
      2 unique,     2 total,  73728 byte(s) of still-reachable allocation(s)
         (re-run with "-show_reachable" for details)
Details: /home/s/DrMemory-Linux-2.6.0/drmemory/logs/DrMemory-main.3840.000/results.txt

DUPLICATE POTENTIAL ERROR COUNTS:

POTENTIAL ERRORS FOUND:
      0 unique,     0 total potential unaddressable access(es)
      0 unique,     0 total potential uninitialized access(es)
      0 unique,     0 total potential invalid heap argument(s)
      0 unique,     0 total potential warning(s)
      0 unique,     0 total,      0 byte(s) of potential leak(s)
      0 unique,     0 total,      0 byte(s) of potential possible leak(s)
Details: /home/s/DrMemory-Linux-2.6.0/drmemory/logs/DrMemory-main.3840.000/potential_errors.txt
Exiting @0:00:00.898 in thread 3840
LOG END
