process=3675, parent=2034
Dr. Memory version 2.6.0 build 0 built on Sep 21 2023 17:36:53
start time: 3721028:12:59.220 == 20:12:59.220 06/29/2025
Recorded 17 suppression(s) from default /home/s/DrMemory-Linux-2.6.0/bin64/suppress-default.txt
new thread #0 id=3675

module load event: "libdrmemorylib.so" 0x00007f4adf892000-0x00007f4adfa01000 modid: 1 /home/s/DrMemory-Linux-2.6.0/bin64/release/libdrmemorylib.so

module load event: "main" 0x00007f4aef890000-0x00007f4aef897000 modid: 2 /home/s/DrMemory-Linux-2.6.0/main

module load event: "ld-linux-x86-64.so.2" 0x00007f4af385b000-0x00007f4af3897000 modid: 3 /usr/lib/x86_64-linux-gnu/ld-linux-x86-64.so.2
WARNING: unable to load symbols for /usr/lib/x86_64-linux-gnu/ld-linux-x86-64.so.2

module load event: "libdynamorio.so" 0x00007f4af38ab000-0x00007f4af3acd000 modid: 4 /home/s/DrMemory-Linux-2.6.0/dynamorio/lib64/release/libdynamorio.so
WARNING: unable to open [vdso]

module load event: "linux-vdso.so.1" 0x00007ffff3b75000-0x00007ffff3b77000 modid: 5 [vdso]

module load event: "libc.so.6" 0x00007f4af2fa1000-0x00007f4af31ca000 modid: 6 /usr/lib/x86_64-linux-gnu/libc.so.6
WARNING: unable to load symbols for /usr/lib/x86_64-linux-gnu/libc.so.6

module load event: "libm.so.6" 0x00007f4af36cf000-0x00007f4af37b6000 modid: 7 /usr/lib/x86_64-linux-gnu/libm.so.6
WARNING: unable to load symbols for /usr/lib/x86_64-linux-gnu/libm.so.6

module load event: "libgcc_s.so.1" 0x00007f4af37b6000-0x00007f4af37d6000 modid: 8 /usr/lib/x86_64-linux-gnu/libgcc_s.so.1
WARNING: unable to load symbols for /usr/lib/x86_64-linux-gnu/libgcc_s.so.1

module load event: "libstdc++.so.6" 0x00007f4af31ca000-0x00007f4af33f6000 modid: 9 /usr/lib/x86_64-linux-gnu/libstdc++.so.6.0.30
WARNING: unable to load symbols for /usr/lib/x86_64-linux-gnu/libstdc++.so.6.0.30
WARNING: assuming operator new[] is non-placement in libstdc++.so.6 @0x00007f4af3278a90
WARNING: assuming operator new is non-placement in libstdc++.so.6 @0x00007f4af3278a70
WARNING: assuming operator new is non-placement in libstdc++.so.6 @0x00007f4af3278a00
WARNING: assuming operator new[] is non-placement in libstdc++.so.6 @0x00007f4af3278aa0
WARNING: assuming operator delete is non-placement in libstdc++.so.6 @0x00007f4af3278ad0
WARNING: assuming operator delete is non-placement in libstdc++.so.6 @0x00007f4af3276c20
WARNING: assuming operator delete[] is non-placement in libstdc++.so.6 @0x00007f4af3278b00
WARNING: assuming operator delete is non-placement in libstdc++.so.6 @0x00007f4af3278ae0
WARNING: assuming operator delete is non-placement in libstdc++.so.6 @0x00007f4af3278ac0
WARNING: assuming operator delete[] is non-placement in libstdc++.so.6 @0x00007f4af3278af0
WARNING: assuming operator delete[] is non-placement in libstdc++.so.6 @0x00007f4af3276c50
WARNING: assuming operator delete[] is non-placement in libstdc++.so.6 @0x00007f4af3278b10

Error #1: LEAK 400 bytes 
# 0 replace_operator_new_array [/home/runner/work/drmemory/drmemory/common/alloc_replace.c:2932] (0x00007f4adf8dfd50 <libdrmemorylib.so+0x4dd50>) modid:1
# 1 memoryLeakFunction (0x00007f4aef89139f <main+0x139f>) modid:2
# 2 main (0x00007f4aef891823 <main+0x1823>) modid:2
	error end

DUPLICATE ERROR COUNTS:

SUPPRESSIONS USED:

ERRORS FOUND:
      0 unique,     0 total unaddressable access(es)
      0 unique,     0 total uninitialized access(es)
      0 unique,     0 total invalid heap argument(s)
      0 unique,     0 total warning(s)
      1 unique,     1 total,    400 byte(s) of leak(s)
      0 unique,     0 total,      0 byte(s) of possible leak(s)
Details: /home/s/DrMemory-Linux-2.6.0/drmemory/logs/DrMemory-main.3675.000/results.txt

DUPLICATE POTENTIAL ERROR COUNTS:

POTENTIAL ERRORS FOUND:
      0 unique,     0 total potential unaddressable access(es)
      0 unique,     0 total potential uninitialized access(es)
      0 unique,     0 total potential invalid heap argument(s)
      0 unique,     0 total potential warning(s)
      0 unique,     0 total,      0 byte(s) of potential leak(s)
      0 unique,     0 total,      0 byte(s) of potential possible leak(s)
Details: /home/s/DrMemory-Linux-2.6.0/drmemory/logs/DrMemory-main.3675.000/potential_errors.txt
Exiting @0:00:00.908 in thread 3675
LOG END
